<!DOCTYPE html PUBLIC "-//W3C//DTD XHTML 1.1//EN" "http://www.w3.org/TR/xhtml11/DTD/xhtml11.dtd">
<html xmlns="http://www.w3.org/1999/xhtml"><head><title>TestNG Report</title><style type="text/css">table {margin-bottom:10px;border-collapse:collapse;empty-cells:show}th,td {border:1px solid #009;padding:.25em .5em}th {vertical-align:bottom}td {vertical-align:top}table a {font-weight:bold}.stripe td {background-color: #E6EBF9}.num {text-align:right}.passedodd td {background-color: #3F3}.passedeven td {background-color: #0A0}.skippedodd td {background-color: #DDD}.skippedeven td {background-color: #CCC}.failedodd td,.attn {background-color: #F33}.failedeven td,.stripe .attn {background-color: #D00}.stacktrace {white-space:pre;font-family:monospace}.totop {font-size:85%;text-align:center;border-bottom:2px solid #000}</style></head><body><table><tr><th>Test</th><th># Passed</th><th># Skipped</th><th># Failed</th><th>Time (ms)</th><th>Included Groups</th><th>Excluded Groups</th></tr><tr><th colspan="7">CRMPRO Test suite</th></tr><tr><td><a href="#t0">CRMPRO testing feature</a></td><td class="num">0</td><td class="num attn">2</td><td class="num attn">1</td><td class="num">63,745</td><td></td><td></td></tr></table><table id='summary'><thead><tr><th>Class</th><th>Method</th><th>Start</th><th>Time (ms)</th></tr></thead><tbody><tr><th colspan="4">CRMPRO Test suite</th></tr></tbody><tbody id="t0"><tr><th colspan="4">CRMPRO testing feature &#8212; failed (configuration methods)</th></tr><tr class="failedeven"><td rowspan="1">com.crmpro.page_testClass.HomePageTest</td><td><a href="#m0">setUp</a></td><td rowspan="1">1553319794114</td><td rowspan="1">49765</td></tr><tr><th colspan="4">CRMPRO testing feature &#8212; failed</th></tr><tr class="failedeven"><td rowspan="1">com.crmpro.page_testClass.LogInPageTest</td><td><a href="#m1">LogInTest</a></td><td rowspan="1">1553319791842</td><td rowspan="1">680</td></tr><tr><th colspan="4">CRMPRO testing feature &#8212; skipped (configuration methods)</th></tr><tr class="skippedeven"><td rowspan="1">com.crmpro.page_testClass.HomePageTest</td><td><a href="#m2">setUp</a></td><td rowspan="1">1553319843891</td><td rowspan="1">0</td></tr><tr><th colspan="4">CRMPRO testing feature &#8212; skipped</th></tr><tr class="skippedeven"><td rowspan="2">com.crmpro.page_testClass.HomePageTest</td><td><a href="#m3">varifyContactLink</a></td><td rowspan="1">1553319843887</td><td rowspan="1">4</td></tr><tr class="skippedeven"><td><a href="#m4">varifyTable</a></td><td rowspan="1">1553319843891</td><td rowspan="1">0</td></tr></tbody></table><h2>CRMPRO testing feature</h2><h3 id="m0">com.crmpro.page_testClass.HomePageTest#setUp</h3><table class="result"><tr class="param"><th>Parameter #1</th><th>Parameter #2</th></tr><tr class="param stripe"><td>sakhaout</td><td>Sakhaout8</td></tr><tr><th colspan="2">Exception</th></tr><tr><td colspan="2"><div class="stacktrace">org.openqa.selenium.NoSuchFrameException: No frame element found by name or id mainpanel
Build info: version: &apos;3.6.0&apos;, revision: &apos;6fbf3ec767&apos;, time: &apos;2017-09-27T15:28:36.4Z&apos;
System info: host: &apos;HOSSAIN&apos;, ip: &apos;10.11.2.112&apos;, os.name: &apos;Windows 10&apos;, os.arch: &apos;amd64&apos;, os.version: &apos;10.0&apos;, java.version: &apos;1.8.0_191&apos;
Driver info: driver.version: unknown
	at org.openqa.selenium.remote.RemoteWebDriver$RemoteTargetLocator.frame(RemoteWebDriver.java:925)
	at com.crmpro.page_testClass.HomePageTest.setUp(HomePageTest.java:41)
... Removed 31 stack frames</div></td></tr></table><p class="totop"><a href="#summary">back to summary</a></p><h3 id="m1">com.crmpro.page_testClass.LogInPageTest#LogInTest</h3><table class="result"><tr class="param"><th>Parameter #1</th><th>Parameter #2</th></tr><tr class="param stripe"><td>sakhaout</td><td>Sakhaout8</td></tr><tr><th colspan="2">Messages</th></tr><tr><td colspan="2"><div class="messages"><a target = "_blank" href= C://Users//Hossain Sakhaout//Desktop//MavenProject//TDD-farmework-with-Extent_HTML_Report//screenshot//LogInTest.png>screenshot</a><br/><a target = '_blank' href = 'C://Users//Hossain Sakhaout//Desktop//MavenProject//TDD-farmework-with-Extent_HTML_Report//screenshot//LogInTest.png' ><img height=200, width=200, src="C://Users//Hossain Sakhaout//Desktop//MavenProject//TDD-farmework-with-Extent_HTML_Report//screenshot//LogInTest.png"alt=""/><img></a></div></td></tr><tr><th colspan="2">Exception</th></tr><tr><td colspan="2"><div class="stacktrace">java.lang.AssertionError: expected [CRMPR] but found [CRMPRO - CRM software for customer relationship management, sales, and support.]
	at com.crmpro.page_testClass.LogInPageTest.LogInTest(LogInPageTest.java:42)
... Removed 35 stack frames</div></td></tr></table><p class="totop"><a href="#summary">back to summary</a></p><h3 id="m2">com.crmpro.page_testClass.HomePageTest#setUp</h3><table class="result"></table><p class="totop"><a href="#summary">back to summary</a></p><h3 id="m3">com.crmpro.page_testClass.HomePageTest#varifyContactLink</h3><table class="result"><tr><th>Exception</th></tr><tr><td><div class="stacktrace">org.openqa.selenium.NoSuchFrameException: No frame element found by name or id mainpanel
Build info: version: &apos;3.6.0&apos;, revision: &apos;6fbf3ec767&apos;, time: &apos;2017-09-27T15:28:36.4Z&apos;
System info: host: &apos;HOSSAIN&apos;, ip: &apos;10.11.2.112&apos;, os.name: &apos;Windows 10&apos;, os.arch: &apos;amd64&apos;, os.version: &apos;10.0&apos;, java.version: &apos;1.8.0_191&apos;
Driver info: driver.version: unknown
	at org.openqa.selenium.remote.RemoteWebDriver$RemoteTargetLocator.frame(RemoteWebDriver.java:925)
	at com.crmpro.page_testClass.HomePageTest.setUp(HomePageTest.java:41)
... Removed 31 stack frames</div></td></tr></table><p class="totop"><a href="#summary">back to summary</a></p><h3 id="m4">com.crmpro.page_testClass.HomePageTest#varifyTable</h3><table class="result"><tr><th>Exception</th></tr><tr><td><div class="stacktrace">org.openqa.selenium.NoSuchFrameException: No frame element found by name or id mainpanel
Build info: version: &apos;3.6.0&apos;, revision: &apos;6fbf3ec767&apos;, time: &apos;2017-09-27T15:28:36.4Z&apos;
System info: host: &apos;HOSSAIN&apos;, ip: &apos;10.11.2.112&apos;, os.name: &apos;Windows 10&apos;, os.arch: &apos;amd64&apos;, os.version: &apos;10.0&apos;, java.version: &apos;1.8.0_191&apos;
Driver info: driver.version: unknown
	at org.openqa.selenium.remote.RemoteWebDriver$RemoteTargetLocator.frame(RemoteWebDriver.java:925)
	at com.crmpro.page_testClass.HomePageTest.setUp(HomePageTest.java:41)
... Removed 31 stack frames</div></td></tr></table><p class="totop"><a href="#summary">back to summary</a></p></body></html>